[2026-04-16 23:33:12] production.ERROR: The /home/omar/Documents/projects/SaudiCareers.site/backend/bootstrap/cache directory must be present and writable. {"exception":"[object] (Exception(code: 0): The /home/omar/Documents/projects/SaudiCareers.site/backend/bootstrap/cache directory must be present and writable. at /home/omar/Documents/projects/SaudiCareers.site/backend/vendor/laravel/framework/src/Illuminate/Foundation/PackageManifest.php:178)
[stacktrace]
#0 /home/omar/Documents/projects/SaudiCareers.site/backend/vendor/laravel/framework/src/Illuminate/Foundation/PackageManifest.php(131): Illuminate\\Foundation\\PackageManifest->write()
#1 /home/omar/Documents/projects/SaudiCareers.site/backend/vendor/laravel/framework/src/Illuminate/Foundation/PackageManifest.php(107): Illuminate\\Foundation\\PackageManifest->build()
#2 /home/omar/Documents/projects/SaudiCareers.site/backend/vendor/laravel/framework/src/Illuminate/Foundation/PackageManifest.php(90): Illuminate\\Foundation\\PackageManifest->getManifest()
#3 /home/omar/Documents/projects/SaudiCareers.site/backend/vendor/laravel/framework/src/Illuminate/Foundation/PackageManifest.php(79): Illuminate\\Foundation\\PackageManifest->config()
#4 /home/omar/Documents/projects/SaudiCareers.site/backend/vendor/laravel/framework/src/Illuminate/Foundation/Bootstrap/RegisterFacades.php(26): Illuminate\\Foundation\\PackageManifest->aliases()
#5 /home/omar/Documents/projects/SaudiCareers.site/backend/vendor/laravel/framework/src/Illuminate/Foundation/Application.php(286): Illuminate\\Foundation\\Bootstrap\\RegisterFacades->bootstrap()
#6 /home/omar/Documents/projects/SaudiCareers.site/backend/vendor/laravel/framework/src/Illuminate/Foundation/Console/Kernel.php(447): Illuminate\\Foundation\\Application->bootstrapWith()
#7 /home/omar/Documents/projects/SaudiCareers.site/backend/vendor/laravel/framework/src/Illuminate/Foundation/Console/Kernel.php(199): Illuminate\\Foundation\\Console\\Kernel->bootstrap()
#8 /home/omar/Documents/projects/SaudiCareers.site/backend/artisan(12): Illuminate\\Foundation\\Console\\Kernel->handle()
#9 {main}
"} 
[2026-04-16 23:34:07] production.ERROR: Cache store [redis] is not defined. {"exception":"[object] (InvalidArgumentException(code: 0): Cache store [redis] is not defined. at /home/omar/Documents/projects/SaudiCareers.site/backend/vendor/laravel/framework/src/Illuminate/Cache/CacheManager.php:88)
[stacktrace]
#0 /home/omar/Documents/projects/SaudiCareers.site/backend/vendor/laravel/framework/src/Illuminate/Cache/CacheManager.php(61): Illuminate\\Cache\\CacheManager->resolve()
#1 /home/omar/Documents/projects/SaudiCareers.site/backend/vendor/laravel/framework/src/Illuminate/Cache/CacheManager.php(72): Illuminate\\Cache\\CacheManager->store()
#2 /home/omar/Documents/projects/SaudiCareers.site/backend/vendor/laravel/framework/src/Illuminate/Cache/CacheServiceProvider.php(35): Illuminate\\Cache\\CacheManager->driver()
#3 /home/omar/Documents/projects/SaudiCareers.site/backend/vendor/laravel/framework/src/Illuminate/Container/Container.php(908): Illuminate\\Cache\\CacheServiceProvider->Illuminate\\Cache\\{closure}()
#4 /home/omar/Documents/projects/SaudiCareers.site/backend/vendor/laravel/framework/src/Illuminate/Container/Container.php(795): Illuminate\\Container\\Container->build()
#5 /home/omar/Documents/projects/SaudiCareers.site/backend/vendor/laravel/framework/src/Illuminate/Foundation/Application.php(986): Illuminate\\Container\\Container->resolve()
#6 /home/omar/Documents/projects/SaudiCareers.site/backend/vendor/laravel/framework/src/Illuminate/Container/Container.php(731): Illuminate\\Foundation\\Application->resolve()
#7 /home/omar/Documents/projects/SaudiCareers.site/backend/vendor/laravel/framework/src/Illuminate/Foundation/Application.php(971): Illuminate\\Container\\Container->make()
#8 /home/omar/Documents/projects/SaudiCareers.site/backend/vendor/laravel/framework/src/Illuminate/Container/Container.php(1454): Illuminate\\Foundation\\Application->make()
#9 /home/omar/Documents/projects/SaudiCareers.site/backend/vendor/laravel/framework/src/Illuminate/Support/Facades/Facade.php(237): Illuminate\\Container\\Container->offsetGet()
#10 /home/omar/Documents/projects/SaudiCareers.site/backend/vendor/laravel/framework/src/Illuminate/Support/Facades/Facade.php(208): Illuminate\\Support\\Facades\\Facade::resolveFacadeInstance()
#11 /home/omar/Documents/projects/SaudiCareers.site/backend/vendor/laravel/framework/src/Illuminate/Support/Facades/Facade.php(349): Illuminate\\Support\\Facades\\Facade::getFacadeRoot()
#12 /home/omar/Documents/projects/SaudiCareers.site/backend/app/Providers/RouteServiceProvider.php(33): Illuminate\\Support\\Facades\\Facade::__callStatic()
#13 /home/omar/Documents/projects/SaudiCareers.site/backend/app/Providers/RouteServiceProvider.php(17): App\\Providers\\RouteServiceProvider->configureRateLimiting()
#14 /home/omar/Documents/projects/SaudiCareers.site/backend/vendor/laravel/framework/src/Illuminate/Container/BoundMethod.php(36): App\\Providers\\RouteServiceProvider->boot()
#15 /home/omar/Documents/projects/SaudiCareers.site/backend/vendor/laravel/framework/src/Illuminate/Container/Util.php(41): Illuminate\\Container\\BoundMethod::Illuminate\\Container\\{closure}()
#16 /home/omar/Documents/projects/SaudiCareers.site/backend/vendor/laravel/framework/src/Illuminate/Container/BoundMethod.php(93): Illuminate\\Container\\Util::unwrapIfClosure()
#17 /home/omar/Documents/projects/SaudiCareers.site/backend/vendor/laravel/framework/src/Illuminate/Container/BoundMethod.php(35): Illuminate\\Container\\BoundMethod::callBoundMethod()
#18 /home/omar/Documents/projects/SaudiCareers.site/backend/vendor/laravel/framework/src/Illuminate/Container/Container.php(662): Illuminate\\Container\\BoundMethod::call()
#19 /home/omar/Documents/projects/SaudiCareers.site/backend/vendor/laravel/framework/src/Illuminate/Foundation/Application.php(1059): Illuminate\\Container\\Container->call()
#20 /home/omar/Documents/projects/SaudiCareers.site/backend/vendor/laravel/framework/src/Illuminate/Foundation/Application.php(1040): Illuminate\\Foundation\\Application->bootProvider()
#21 [internal function]: Illuminate\\Foundation\\Application->Illuminate\\Foundation\\{closure}()
#22 /home/omar/Documents/projects/SaudiCareers.site/backend/vendor/laravel/framework/src/Illuminate/Foundation/Application.php(1039): array_walk()
#23 /home/omar/Documents/projects/SaudiCareers.site/backend/vendor/laravel/framework/src/Illuminate/Foundation/Bootstrap/BootProviders.php(17): Illuminate\\Foundation\\Application->boot()
#24 /home/omar/Documents/projects/SaudiCareers.site/backend/vendor/laravel/framework/src/Illuminate/Foundation/Application.php(286): Illuminate\\Foundation\\Bootstrap\\BootProviders->bootstrap()
#25 /home/omar/Documents/projects/SaudiCareers.site/backend/vendor/laravel/framework/src/Illuminate/Foundation/Console/Kernel.php(447): Illuminate\\Foundation\\Application->bootstrapWith()
#26 /home/omar/Documents/projects/SaudiCareers.site/backend/vendor/laravel/framework/src/Illuminate/Foundation/Console/Kernel.php(199): Illuminate\\Foundation\\Console\\Kernel->bootstrap()
#27 /home/omar/Documents/projects/SaudiCareers.site/backend/artisan(12): Illuminate\\Foundation\\Console\\Kernel->handle()
#28 {main}
"} 
[2026-04-16 23:34:13] production.ERROR: Cache store [redis] is not defined. {"exception":"[object] (InvalidArgumentException(code: 0): Cache store [redis] is not defined. at /home/omar/Documents/projects/SaudiCareers.site/backend/vendor/laravel/framework/src/Illuminate/Cache/CacheManager.php:88)
[stacktrace]
#0 /home/omar/Documents/projects/SaudiCareers.site/backend/vendor/laravel/framework/src/Illuminate/Cache/CacheManager.php(61): Illuminate\\Cache\\CacheManager->resolve()
#1 /home/omar/Documents/projects/SaudiCareers.site/backend/vendor/laravel/framework/src/Illuminate/Cache/CacheManager.php(72): Illuminate\\Cache\\CacheManager->store()
#2 /home/omar/Documents/projects/SaudiCareers.site/backend/vendor/laravel/framework/src/Illuminate/Cache/CacheServiceProvider.php(35): Illuminate\\Cache\\CacheManager->driver()
#3 /home/omar/Documents/projects/SaudiCareers.site/backend/vendor/laravel/framework/src/Illuminate/Container/Container.php(908): Illuminate\\Cache\\CacheServiceProvider->Illuminate\\Cache\\{closure}()
#4 /home/omar/Documents/projects/SaudiCareers.site/backend/vendor/laravel/framework/src/Illuminate/Container/Container.php(795): Illuminate\\Container\\Container->build()
#5 /home/omar/Documents/projects/SaudiCareers.site/backend/vendor/laravel/framework/src/Illuminate/Foundation/Application.php(986): Illuminate\\Container\\Container->resolve()
#6 /home/omar/Documents/projects/SaudiCareers.site/backend/vendor/laravel/framework/src/Illuminate/Container/Container.php(731): Illuminate\\Foundation\\Application->resolve()
#7 /home/omar/Documents/projects/SaudiCareers.site/backend/vendor/laravel/framework/src/Illuminate/Foundation/Application.php(971): Illuminate\\Container\\Container->make()
#8 /home/omar/Documents/projects/SaudiCareers.site/backend/vendor/laravel/framework/src/Illuminate/Container/Container.php(1454): Illuminate\\Foundation\\Application->make()
#9 /home/omar/Documents/projects/SaudiCareers.site/backend/vendor/laravel/framework/src/Illuminate/Support/Facades/Facade.php(237): Illuminate\\Container\\Container->offsetGet()
#10 /home/omar/Documents/projects/SaudiCareers.site/backend/vendor/laravel/framework/src/Illuminate/Support/Facades/Facade.php(208): Illuminate\\Support\\Facades\\Facade::resolveFacadeInstance()
#11 /home/omar/Documents/projects/SaudiCareers.site/backend/vendor/laravel/framework/src/Illuminate/Support/Facades/Facade.php(349): Illuminate\\Support\\Facades\\Facade::getFacadeRoot()
#12 /home/omar/Documents/projects/SaudiCareers.site/backend/app/Providers/RouteServiceProvider.php(33): Illuminate\\Support\\Facades\\Facade::__callStatic()
#13 /home/omar/Documents/projects/SaudiCareers.site/backend/app/Providers/RouteServiceProvider.php(17): App\\Providers\\RouteServiceProvider->configureRateLimiting()
#14 /home/omar/Documents/projects/SaudiCareers.site/backend/vendor/laravel/framework/src/Illuminate/Container/BoundMethod.php(36): App\\Providers\\RouteServiceProvider->boot()
#15 /home/omar/Documents/projects/SaudiCareers.site/backend/vendor/laravel/framework/src/Illuminate/Container/Util.php(41): Illuminate\\Container\\BoundMethod::Illuminate\\Container\\{closure}()
#16 /home/omar/Documents/projects/SaudiCareers.site/backend/vendor/laravel/framework/src/Illuminate/Container/BoundMethod.php(93): Illuminate\\Container\\Util::unwrapIfClosure()
#17 /home/omar/Documents/projects/SaudiCareers.site/backend/vendor/laravel/framework/src/Illuminate/Container/BoundMethod.php(35): Illuminate\\Container\\BoundMethod::callBoundMethod()
#18 /home/omar/Documents/projects/SaudiCareers.site/backend/vendor/laravel/framework/src/Illuminate/Container/Container.php(662): Illuminate\\Container\\BoundMethod::call()
#19 /home/omar/Documents/projects/SaudiCareers.site/backend/vendor/laravel/framework/src/Illuminate/Foundation/Application.php(1059): Illuminate\\Container\\Container->call()
#20 /home/omar/Documents/projects/SaudiCareers.site/backend/vendor/laravel/framework/src/Illuminate/Foundation/Application.php(1040): Illuminate\\Foundation\\Application->bootProvider()
#21 [internal function]: Illuminate\\Foundation\\Application->Illuminate\\Foundation\\{closure}()
#22 /home/omar/Documents/projects/SaudiCareers.site/backend/vendor/laravel/framework/src/Illuminate/Foundation/Application.php(1039): array_walk()
#23 /home/omar/Documents/projects/SaudiCareers.site/backend/vendor/laravel/framework/src/Illuminate/Foundation/Bootstrap/BootProviders.php(17): Illuminate\\Foundation\\Application->boot()
#24 /home/omar/Documents/projects/SaudiCareers.site/backend/vendor/laravel/framework/src/Illuminate/Foundation/Application.php(286): Illuminate\\Foundation\\Bootstrap\\BootProviders->bootstrap()
#25 /home/omar/Documents/projects/SaudiCareers.site/backend/vendor/laravel/framework/src/Illuminate/Foundation/Console/Kernel.php(447): Illuminate\\Foundation\\Application->bootstrapWith()
#26 /home/omar/Documents/projects/SaudiCareers.site/backend/vendor/laravel/framework/src/Illuminate/Foundation/Console/Kernel.php(199): Illuminate\\Foundation\\Console\\Kernel->bootstrap()
#27 /home/omar/Documents/projects/SaudiCareers.site/backend/artisan(12): Illuminate\\Foundation\\Console\\Kernel->handle()
#28 {main}
"} 
[2026-04-16 23:34:43] production.ERROR: Class "DOMDocument" not found {"exception":"[object] (Error(code: 0): Class \"DOMDocument\" not found at /home/omar/Documents/projects/SaudiCareers.site/backend/vendor/nunomaduro/termwind/src/HtmlRenderer.php:32)
[stacktrace]
#0 /home/omar/Documents/projects/SaudiCareers.site/backend/vendor/nunomaduro/termwind/src/HtmlRenderer.php(24): Termwind\\HtmlRenderer->parse()
#1 /home/omar/Documents/projects/SaudiCareers.site/backend/vendor/nunomaduro/termwind/src/Functions.php(41): Termwind\\HtmlRenderer->render()
#2 /home/omar/Documents/projects/SaudiCareers.site/backend/vendor/laravel/framework/src/Illuminate/Console/View/Components/Component.php(52): Termwind\\render()
#3 /home/omar/Documents/projects/SaudiCareers.site/backend/vendor/laravel/framework/src/Illuminate/Console/View/Components/Line.php(49): Illuminate\\Console\\View\\Components\\Component->renderView()
#4 /home/omar/Documents/projects/SaudiCareers.site/backend/vendor/laravel/framework/src/Illuminate/Console/View/Components/Info.php(18): Illuminate\\Console\\View\\Components\\Line->render()
#5 /home/omar/Documents/projects/SaudiCareers.site/backend/vendor/laravel/framework/src/Illuminate/Console/View/Components/Factory.php(58): Illuminate\\Console\\View\\Components\\Info->render()
#6 /home/omar/Documents/projects/SaudiCareers.site/backend/vendor/laravel/framework/src/Illuminate/Foundation/Console/ConfigClearCommand.php(55): Illuminate\\Console\\View\\Components\\Factory->__call()
#7 /home/omar/Documents/projects/SaudiCareers.site/backend/vendor/laravel/framework/src/Illuminate/Container/BoundMethod.php(36): Illuminate\\Foundation\\Console\\ConfigClearCommand->handle()
#8 /home/omar/Documents/projects/SaudiCareers.site/backend/vendor/laravel/framework/src/Illuminate/Container/Util.php(41): Illuminate\\Container\\BoundMethod::Illuminate\\Container\\{closure}()
#9 /home/omar/Documents/projects/SaudiCareers.site/backend/vendor/laravel/framework/src/Illuminate/Container/BoundMethod.php(93): Illuminate\\Container\\Util::unwrapIfClosure()
#10 /home/omar/Documents/projects/SaudiCareers.site/backend/vendor/laravel/framework/src/Illuminate/Container/BoundMethod.php(35): Illuminate\\Container\\BoundMethod::callBoundMethod()
#11 /home/omar/Documents/projects/SaudiCareers.site/backend/vendor/laravel/framework/src/Illuminate/Container/Container.php(662): Illuminate\\Container\\BoundMethod::call()
#12 /home/omar/Documents/projects/SaudiCareers.site/backend/vendor/laravel/framework/src/Illuminate/Console/Command.php(211): Illuminate\\Container\\Container->call()
#13 /home/omar/Documents/projects/SaudiCareers.site/backend/vendor/symfony/console/Command/Command.php(326): Illuminate\\Console\\Command->execute()
#14 /home/omar/Documents/projects/SaudiCareers.site/backend/vendor/laravel/framework/src/Illuminate/Console/Command.php(180): Symfony\\Component\\Console\\Command\\Command->run()
#15 /home/omar/Documents/projects/SaudiCareers.site/backend/vendor/laravel/framework/src/Illuminate/Console/Concerns/CallsCommands.php(67): Illuminate\\Console\\Command->run()
#16 /home/omar/Documents/projects/SaudiCareers.site/backend/vendor/laravel/framework/src/Illuminate/Console/Concerns/CallsCommands.php(40): Illuminate\\Console\\Command->runCommand()
#17 /home/omar/Documents/projects/SaudiCareers.site/backend/vendor/laravel/framework/src/Illuminate/Foundation/Console/ConfigCacheCommand.php(58): Illuminate\\Console\\Command->callSilent()
#18 /home/omar/Documents/projects/SaudiCareers.site/backend/vendor/laravel/framework/src/Illuminate/Container/BoundMethod.php(36): Illuminate\\Foundation\\Console\\ConfigCacheCommand->handle()
#19 /home/omar/Documents/projects/SaudiCareers.site/backend/vendor/laravel/framework/src/Illuminate/Container/Util.php(41): Illuminate\\Container\\BoundMethod::Illuminate\\Container\\{closure}()
#20 /home/omar/Documents/projects/SaudiCareers.site/backend/vendor/laravel/framework/src/Illuminate/Container/BoundMethod.php(93): Illuminate\\Container\\Util::unwrapIfClosure()
#21 /home/omar/Documents/projects/SaudiCareers.site/backend/vendor/laravel/framework/src/Illuminate/Container/BoundMethod.php(35): Illuminate\\Container\\BoundMethod::callBoundMethod()
#22 /home/omar/Documents/projects/SaudiCareers.site/backend/vendor/laravel/framework/src/Illuminate/Container/Container.php(662): Illuminate\\Container\\BoundMethod::call()
#23 /home/omar/Documents/projects/SaudiCareers.site/backend/vendor/laravel/framework/src/Illuminate/Console/Command.php(211): Illuminate\\Container\\Container->call()
#24 /home/omar/Documents/projects/SaudiCareers.site/backend/vendor/symfony/console/Command/Command.php(326): Illuminate\\Console\\Command->execute()
#25 /home/omar/Documents/projects/SaudiCareers.site/backend/vendor/laravel/framework/src/Illuminate/Console/Command.php(180): Symfony\\Component\\Console\\Command\\Command->run()
#26 /home/omar/Documents/projects/SaudiCareers.site/backend/vendor/symfony/console/Application.php(1121): Illuminate\\Console\\Command->run()
#27 /home/omar/Documents/projects/SaudiCareers.site/backend/vendor/symfony/console/Application.php(324): Symfony\\Component\\Console\\Application->doRunCommand()
#28 /home/omar/Documents/projects/SaudiCareers.site/backend/vendor/symfony/console/Application.php(175): Symfony\\Component\\Console\\Application->doRun()
#29 /home/omar/Documents/projects/SaudiCareers.site/backend/vendor/laravel/framework/src/Illuminate/Foundation/Console/Kernel.php(201): Symfony\\Component\\Console\\Application->run()
#30 /home/omar/Documents/projects/SaudiCareers.site/backend/artisan(12): Illuminate\\Foundation\\Console\\Kernel->handle()
#31 {main}
"} 
[2026-04-18 19:15:55] production.ERROR: Class "DOMDocument" not found {"exception":"[object] (Error(code: 0): Class \"DOMDocument\" not found at /home/omar/Documents/projects/SaudiCareers.site/backend/vendor/nunomaduro/termwind/src/HtmlRenderer.php:32)
[stacktrace]
#0 /home/omar/Documents/projects/SaudiCareers.site/backend/vendor/nunomaduro/termwind/src/HtmlRenderer.php(24): Termwind\\HtmlRenderer->parse()
#1 /home/omar/Documents/projects/SaudiCareers.site/backend/vendor/nunomaduro/termwind/src/Functions.php(41): Termwind\\HtmlRenderer->render()
#2 /home/omar/Documents/projects/SaudiCareers.site/backend/vendor/laravel/framework/src/Illuminate/Console/View/Components/Component.php(52): Termwind\\render()
#3 /home/omar/Documents/projects/SaudiCareers.site/backend/vendor/laravel/framework/src/Illuminate/Console/View/Components/Line.php(49): Illuminate\\Console\\View\\Components\\Component->renderView()
#4 /home/omar/Documents/projects/SaudiCareers.site/backend/vendor/laravel/framework/src/Illuminate/Console/View/Components/Info.php(18): Illuminate\\Console\\View\\Components\\Line->render()
#5 /home/omar/Documents/projects/SaudiCareers.site/backend/vendor/laravel/framework/src/Illuminate/Console/View/Components/Factory.php(58): Illuminate\\Console\\View\\Components\\Info->render()
#6 /home/omar/Documents/projects/SaudiCareers.site/backend/vendor/laravel/framework/src/Illuminate/Foundation/Console/RouteClearCommand.php(55): Illuminate\\Console\\View\\Components\\Factory->__call()
#7 /home/omar/Documents/projects/SaudiCareers.site/backend/vendor/laravel/framework/src/Illuminate/Container/BoundMethod.php(36): Illuminate\\Foundation\\Console\\RouteClearCommand->handle()
#8 /home/omar/Documents/projects/SaudiCareers.site/backend/vendor/laravel/framework/src/Illuminate/Container/Util.php(41): Illuminate\\Container\\BoundMethod::Illuminate\\Container\\{closure}()
#9 /home/omar/Documents/projects/SaudiCareers.site/backend/vendor/laravel/framework/src/Illuminate/Container/BoundMethod.php(93): Illuminate\\Container\\Util::unwrapIfClosure()
#10 /home/omar/Documents/projects/SaudiCareers.site/backend/vendor/laravel/framework/src/Illuminate/Container/BoundMethod.php(35): Illuminate\\Container\\BoundMethod::callBoundMethod()
#11 /home/omar/Documents/projects/SaudiCareers.site/backend/vendor/laravel/framework/src/Illuminate/Container/Container.php(662): Illuminate\\Container\\BoundMethod::call()
#12 /home/omar/Documents/projects/SaudiCareers.site/backend/vendor/laravel/framework/src/Illuminate/Console/Command.php(211): Illuminate\\Container\\Container->call()
#13 /home/omar/Documents/projects/SaudiCareers.site/backend/vendor/symfony/console/Command/Command.php(326): Illuminate\\Console\\Command->execute()
#14 /home/omar/Documents/projects/SaudiCareers.site/backend/vendor/laravel/framework/src/Illuminate/Console/Command.php(180): Symfony\\Component\\Console\\Command\\Command->run()
#15 /home/omar/Documents/projects/SaudiCareers.site/backend/vendor/symfony/console/Application.php(1121): Illuminate\\Console\\Command->run()
#16 /home/omar/Documents/projects/SaudiCareers.site/backend/vendor/symfony/console/Application.php(324): Symfony\\Component\\Console\\Application->doRunCommand()
#17 /home/omar/Documents/projects/SaudiCareers.site/backend/vendor/symfony/console/Application.php(175): Symfony\\Component\\Console\\Application->doRun()
#18 /home/omar/Documents/projects/SaudiCareers.site/backend/vendor/laravel/framework/src/Illuminate/Foundation/Console/Kernel.php(201): Symfony\\Component\\Console\\Application->run()
#19 /home/omar/Documents/projects/SaudiCareers.site/backend/artisan(12): Illuminate\\Foundation\\Console\\Kernel->handle()
#20 {main}
"} 
[2026-04-18 19:16:00] production.ERROR: Class "DOMDocument" not found {"exception":"[object] (Error(code: 0): Class \"DOMDocument\" not found at /home/omar/Documents/projects/SaudiCareers.site/backend/vendor/nunomaduro/termwind/src/HtmlRenderer.php:32)
[stacktrace]
#0 /home/omar/Documents/projects/SaudiCareers.site/backend/vendor/nunomaduro/termwind/src/HtmlRenderer.php(24): Termwind\\HtmlRenderer->parse()
#1 /home/omar/Documents/projects/SaudiCareers.site/backend/vendor/nunomaduro/termwind/src/Functions.php(41): Termwind\\HtmlRenderer->render()
#2 /home/omar/Documents/projects/SaudiCareers.site/backend/vendor/laravel/framework/src/Illuminate/Console/View/Components/Component.php(52): Termwind\\render()
#3 /home/omar/Documents/projects/SaudiCareers.site/backend/vendor/laravel/framework/src/Illuminate/Console/View/Components/Line.php(49): Illuminate\\Console\\View\\Components\\Component->renderView()
#4 /home/omar/Documents/projects/SaudiCareers.site/backend/vendor/laravel/framework/src/Illuminate/Console/View/Components/Info.php(18): Illuminate\\Console\\View\\Components\\Line->render()
#5 /home/omar/Documents/projects/SaudiCareers.site/backend/vendor/laravel/framework/src/Illuminate/Console/View/Components/Factory.php(58): Illuminate\\Console\\View\\Components\\Info->render()
#6 /home/omar/Documents/projects/SaudiCareers.site/backend/vendor/laravel/framework/src/Illuminate/Foundation/Console/RouteClearCommand.php(55): Illuminate\\Console\\View\\Components\\Factory->__call()
#7 /home/omar/Documents/projects/SaudiCareers.site/backend/vendor/laravel/framework/src/Illuminate/Container/BoundMethod.php(36): Illuminate\\Foundation\\Console\\RouteClearCommand->handle()
#8 /home/omar/Documents/projects/SaudiCareers.site/backend/vendor/laravel/framework/src/Illuminate/Container/Util.php(41): Illuminate\\Container\\BoundMethod::Illuminate\\Container\\{closure}()
#9 /home/omar/Documents/projects/SaudiCareers.site/backend/vendor/laravel/framework/src/Illuminate/Container/BoundMethod.php(93): Illuminate\\Container\\Util::unwrapIfClosure()
#10 /home/omar/Documents/projects/SaudiCareers.site/backend/vendor/laravel/framework/src/Illuminate/Container/BoundMethod.php(35): Illuminate\\Container\\BoundMethod::callBoundMethod()
#11 /home/omar/Documents/projects/SaudiCareers.site/backend/vendor/laravel/framework/src/Illuminate/Container/Container.php(662): Illuminate\\Container\\BoundMethod::call()
#12 /home/omar/Documents/projects/SaudiCareers.site/backend/vendor/laravel/framework/src/Illuminate/Console/Command.php(211): Illuminate\\Container\\Container->call()
#13 /home/omar/Documents/projects/SaudiCareers.site/backend/vendor/symfony/console/Command/Command.php(326): Illuminate\\Console\\Command->execute()
#14 /home/omar/Documents/projects/SaudiCareers.site/backend/vendor/laravel/framework/src/Illuminate/Console/Command.php(180): Symfony\\Component\\Console\\Command\\Command->run()
#15 /home/omar/Documents/projects/SaudiCareers.site/backend/vendor/symfony/console/Application.php(1121): Illuminate\\Console\\Command->run()
#16 /home/omar/Documents/projects/SaudiCareers.site/backend/vendor/symfony/console/Application.php(324): Symfony\\Component\\Console\\Application->doRunCommand()
#17 /home/omar/Documents/projects/SaudiCareers.site/backend/vendor/symfony/console/Application.php(175): Symfony\\Component\\Console\\Application->doRun()
#18 /home/omar/Documents/projects/SaudiCareers.site/backend/vendor/laravel/framework/src/Illuminate/Foundation/Console/Kernel.php(201): Symfony\\Component\\Console\\Application->run()
#19 /home/omar/Documents/projects/SaudiCareers.site/backend/artisan(12): Illuminate\\Foundation\\Console\\Kernel->handle()
#20 {main}
"} 
